TN:
SF:src\config\plugins\envs.plugin.ts
FNF:0
FNH:0
DA:1,1
DA:2,1
DA:3,1
DA:4,1
DA:5,1
DA:6,1
DA:7,1
DA:8,1
DA:9,1
DA:10,1
DA:11,1
DA:12,1
DA:13,1
DA:14,1
DA:15,1
DA:16,1
DA:17,1
DA:18,1
DA:19,1
DA:20,1
LF:20
LH:20
BRF:0
BRH:0
end_of_record
TN:
SF:src\data\mongo\index.ts
FNF:0
FNH:0
DA:1,1
DA:2,1
LF:2
LH:2
BRF:0
BRH:0
end_of_record
TN:
SF:src\data\mongo\init.ts
FN:9,connect
FNF:1
FNH:1
FNDA:4,connect
DA:1,1
DA:2,1
DA:3,1
DA:4,1
DA:5,1
DA:6,1
DA:7,1
DA:8,1
DA:9,1
DA:10,4
DA:11,4
DA:12,4
DA:13,4
DA:14,4
DA:15,4
DA:16,3
DA:17,3
DA:18,3
DA:19,3
DA:20,1
DA:21,1
DA:22,4
DA:23,1
LF:23
LH:23
BRDA:9,0,0,4
BRDA:16,1,0,3
BRDA:19,2,0,1
BRF:3
BRH:3
end_of_record
TN:
SF:src\data\mongo\models\log.model.ts
FNF:0
FNH:0
DA:1,1
DA:2,1
DA:3,1
DA:4,1
DA:5,1
DA:6,1
DA:7,1
DA:8,1
DA:9,1
DA:10,1
DA:11,1
DA:12,1
DA:13,1
DA:14,1
DA:15,1
DA:16,1
DA:17,1
DA:18,1
DA:19,1
DA:20,1
DA:21,1
DA:22,1
DA:23,1
DA:24,1
LF:24
LH:24
BRF:0
BRH:0
end_of_record
TN:
SF:src\domain\entities\log.entity.ts
FN:15,<instance_members_initializer>
FN:20,LogEntity
FN:30,<static_initializer>
FN:30,fromJSON
FN:46,fromObject
FNF:5
FNH:5
FNDA:23,<instance_members_initializer>
FNDA:23,LogEntity
FNDA:8,<static_initializer>
FNDA:6,fromJSON
FNDA:2,fromObject
DA:1,8
DA:2,8
DA:3,8
DA:4,8
DA:5,8
DA:6,1
DA:7,1
DA:8,1
DA:9,1
DA:10,1
DA:11,1
DA:12,1
DA:13,1
DA:14,1
DA:15,1
DA:16,23
DA:17,23
DA:18,1
DA:19,1
DA:20,1
DA:21,23
DA:22,23
DA:23,23
DA:24,23
DA:25,23
DA:26,23
DA:27,1
DA:28,1
DA:29,1
DA:30,1
DA:31,6
DA:32,6
DA:33,6
DA:34,6
DA:35,6
DA:36,6
DA:37,6
DA:38,6
DA:39,6
DA:40,6
DA:41,6
DA:42,6
DA:43,6
DA:44,8
DA:45,8
DA:46,8
DA:47,2
DA:48,2
DA:49,2
DA:50,2
DA:51,2
DA:52,2
DA:53,2
DA:54,2
DA:55,2
DA:56,1
DA:57,1
LF:57
LH:57
BRDA:1,0,0,8
BRDA:15,1,0,23
BRDA:20,2,0,23
BRDA:30,3,0,8
BRDA:30,4,0,6
BRDA:31,5,0,0
BRDA:46,6,0,2
BRF:7
BRH:6
end_of_record
TN:
SF:src\domain\use-cases\checks\check-service-multiple.ts
FN:17,<instance_members_initializer>
FN:16,CheckServiceMultiple
FN:22,callLogs
FN:25,execute
FNF:4
FNH:4
FNDA:1,<instance_members_initializer>
FNDA:1,CheckServiceMultiple
FNDA:2,callLogs
FNDA:2,execute
DA:1,1
DA:2,1
DA:3,1
DA:4,1
DA:5,1
DA:6,1
DA:7,1
DA:8,1
DA:9,1
DA:10,1
DA:11,1
DA:12,1
DA:13,1
DA:14,1
DA:15,1
DA:16,1
DA:17,1
DA:18,1
DA:19,1
DA:20,1
DA:21,1
DA:22,1
DA:23,2
DA:24,2
DA:25,1
DA:26,2
DA:27,2
DA:28,2
DA:29,0
DA:30,0
DA:31,1
DA:32,1
DA:33,1
DA:34,1
DA:35,1
DA:36,1
DA:37,1
DA:38,1
DA:39,1
DA:40,1
DA:41,2
DA:42,2
DA:43,2
DA:44,2
DA:45,1
DA:46,1
DA:47,1
DA:48,1
DA:49,1
DA:50,1
DA:51,1
DA:52,1
DA:53,1
DA:54,1
DA:55,1
DA:56,1
DA:57,1
DA:58,1
LF:58
LH:56
BRDA:17,0,0,1
BRDA:16,1,0,1
BRDA:22,2,0,2
BRDA:23,3,0,6
BRDA:25,4,0,2
BRDA:28,5,0,1
BRDA:28,6,0,0
BRDA:31,7,0,1
BRDA:44,8,0,1
BRF:9
BRH:8
end_of_record
TN:
SF:src\domain\use-cases\checks\check-service.ts
FN:17,<instance_members_initializer>
FN:16,CheckService
FN:21,execute
FNF:3
FNH:3
FNDA:1,<instance_members_initializer>
FNDA:1,CheckService
FNDA:2,execute
DA:1,1
DA:2,1
DA:3,1
DA:4,1
DA:5,1
DA:6,1
DA:7,1
DA:8,1
DA:9,1
DA:10,1
DA:11,1
DA:12,1
DA:13,1
DA:14,1
DA:15,1
DA:16,1
DA:17,1
DA:18,1
DA:19,1
DA:20,1
DA:21,1
DA:22,2
DA:23,2
DA:24,2
DA:25,0
DA:26,0
DA:27,1
DA:28,1
DA:29,1
DA:30,1
DA:31,1
DA:32,1
DA:33,1
DA:34,1
DA:35,1
DA:36,1
DA:37,2
DA:38,2
DA:39,2
DA:40,2
DA:41,1
DA:42,1
DA:43,1
DA:44,1
DA:45,1
DA:46,1
DA:47,1
DA:48,1
DA:49,1
DA:50,1
DA:51,1
DA:52,1
DA:53,1
DA:54,1
LF:54
LH:52
BRDA:17,0,0,1
BRDA:16,1,0,1
BRDA:21,2,0,2
BRDA:24,3,0,1
BRDA:24,4,0,0
BRDA:27,5,0,1
BRDA:40,6,0,1
BRF:7
BRH:6
end_of_record
TN:
SF:src\domain\use-cases\email\send-email-logs.ts
FN:11,<instance_members_initializer>
FN:10,sendEmailLogs
FN:14,execute
FNF:3
FNH:3
FNDA:1,<instance_members_initializer>
FNDA:1,sendEmailLogs
FNDA:2,execute
DA:1,1
DA:2,1
DA:3,1
DA:4,1
DA:5,1
DA:6,1
DA:7,1
DA:8,1
DA:9,1
DA:10,1
DA:11,1
DA:12,1
DA:13,1
DA:14,1
DA:15,2
DA:16,2
DA:17,2
DA:18,2
DA:19,1
DA:20,1
DA:21,1
DA:22,1
DA:23,1
DA:24,1
DA:25,1
DA:26,1
DA:27,1
DA:28,1
DA:29,1
DA:30,1
DA:31,1
DA:32,1
DA:33,1
DA:34,1
DA:35,1
DA:36,1
DA:37,1
DA:38,1
DA:39,2
DA:40,1
LF:40
LH:40
BRDA:11,0,0,1
BRDA:10,1,0,1
BRDA:14,2,0,2
BRDA:18,3,0,1
BRF:4
BRH:4
end_of_record
TN:
SF:src\infrastructure\datasources\file-system.datasource.ts
FN:7,<instance_members_initializer>
FN:12,FileSystemDatasource
FN:17,createLogsFiles
FN:33,saveLog
FN:47,getLogsFromFile
FN:60,getLogs
FNF:6
FNH:6
FNDA:8,<instance_members_initializer>
FNDA:8,FileSystemDatasource
FNDA:8,createLogsFiles
FNDA:6,saveLog
FNDA:3,getLogsFromFile
FNDA:4,getLogs
DA:1,1
DA:2,1
DA:3,1
DA:4,1
DA:5,1
DA:6,1
DA:7,1
DA:8,8
DA:9,8
DA:10,8
DA:11,8
DA:12,8
DA:13,8
DA:14,8
DA:15,8
DA:16,8
DA:17,8
DA:18,8
DA:19,7
DA:20,7
DA:21,8
DA:22,8
DA:23,8
DA:24,24
DA:25,24
DA:26,21
DA:27,21
DA:28,8
DA:29,8
DA:30,8
DA:31,8
DA:32,8
DA:33,8
DA:34,6
DA:35,6
DA:36,6
DA:37,6
DA:38,6
DA:39,4
DA:40,6
DA:41,2
DA:42,2
DA:43,2
DA:44,2
DA:45,6
DA:46,8
DA:47,8
DA:48,3
DA:49,3
DA:50,3
DA:51,3
DA:52,3
DA:53,3
DA:54,3
DA:55,3
DA:56,3
DA:57,3
DA:58,1
DA:59,1
DA:60,1
DA:61,4
DA:62,4
DA:63,1
DA:64,4
DA:65,4
DA:66,1
DA:67,4
DA:68,4
DA:69,1
DA:70,4
DA:71,4
DA:72,1
DA:73,4
DA:74,4
DA:75,1
LF:75
LH:75
BRDA:7,0,0,8
BRDA:12,1,0,8
BRDA:17,2,0,8
BRDA:18,3,0,7
BRDA:23,4,0,24
BRDA:25,5,0,3
BRDA:26,6,0,21
BRDA:33,7,0,6
BRDA:38,8,0,2
BRDA:39,9,0,4
BRDA:40,10,0,2
BRDA:47,11,0,3
BRDA:51,12,0,0
BRDA:55,13,0,8
BRDA:56,14,0,5
BRDA:60,15,0,4
BRDA:62,16,0,1
BRDA:65,17,0,1
BRDA:68,18,0,1
BRDA:71,19,0,1
BRF:20
BRH:19
end_of_record
TN:
SF:src\infrastructure\datasources\mongo-log.datasource.ts
FN:6,saveLog
FN:12,getLogs
FNF:2
FNH:2
FNDA:2,saveLog
FNDA:1,getLogs
DA:1,1
DA:2,1
DA:3,1
DA:4,1
DA:5,1
DA:6,1
DA:7,2
DA:8,2
DA:9,2
DA:10,2
DA:11,2
DA:12,1
DA:13,1
DA:14,1
DA:15,1
DA:16,1
DA:17,1
DA:18,1
DA:19,1
LF:19
LH:19
BRDA:6,0,0,2
BRDA:12,1,0,1
BRDA:17,2,0,1
BRF:3
BRH:3
end_of_record
TN:
SF:src\infrastructure\repositories\log.repository.impl.ts
FN:8,<instance_members_initializer>
FN:7,LogRepositoryImp
FN:11,saveLog
FN:14,getLogs
FNF:4
FNH:4
FNDA:1,<instance_members_initializer>
FNDA:1,LogRepositoryImp
FNDA:1,saveLog
FNDA:1,getLogs
DA:1,1
DA:2,1
DA:3,1
DA:4,1
DA:5,1
DA:6,1
DA:7,1
DA:8,1
DA:9,1
DA:10,1
DA:11,1
DA:12,1
DA:13,1
DA:14,1
DA:15,1
DA:16,1
DA:17,1
LF:17
LH:17
BRDA:8,0,0,1
BRDA:7,1,0,1
BRDA:11,2,0,1
BRDA:14,3,0,1
BRF:4
BRH:4
end_of_record
TN:
SF:src\presentation\cron\cron-service.ts
FN:8,createJob
FNF:1
FNH:1
FNDA:1,createJob
DA:1,1
DA:2,1
DA:3,1
DA:4,1
DA:5,1
DA:6,1
DA:7,1
DA:8,1
DA:9,1
DA:10,1
DA:11,1
DA:12,1
DA:13,1
DA:14,1
DA:15,1
DA:16,1
LF:16
LH:16
BRDA:8,0,0,1
BRF:1
BRH:1
end_of_record
TN:
SF:src\presentation\email\email.service.ts
FN:19,<instance_members_initializer>
FN:31,EmailService
FN:33,sendEmail
FN:65,sendEmailWithFileSystemLogs
FNF:4
FNH:4
FNDA:1,<instance_members_initializer>
FNDA:1,EmailService
FNDA:2,sendEmail
FNDA:1,sendEmailWithFileSystemLogs
DA:1,1
DA:2,1
DA:3,1
DA:4,1
DA:5,1
DA:6,1
DA:7,1
DA:8,1
DA:9,1
DA:10,1
DA:11,1
DA:12,1
DA:13,1
DA:14,1
DA:15,1
DA:16,1
DA:17,1
DA:18,1
DA:19,1
DA:20,1
DA:21,1
DA:22,1
DA:23,1
DA:24,1
DA:25,1
DA:26,1
DA:27,1
DA:28,1
DA:29,1
DA:30,1
DA:31,1
DA:32,1
DA:33,1
DA:34,2
DA:35,2
DA:36,2
DA:37,2
DA:38,2
DA:39,2
DA:40,2
DA:41,2
DA:42,2
DA:43,2
DA:44,2
DA:45,2
DA:46,2
DA:47,2
DA:48,2
DA:49,2
DA:50,2
DA:51,2
DA:52,2
DA:53,2
DA:54,0
DA:55,0
DA:56,0
DA:57,0
DA:58,0
DA:59,0
DA:60,0
DA:61,0
DA:62,0
DA:63,2
DA:64,1
DA:65,1
DA:66,1
DA:67,1
DA:68,1
DA:69,1
DA:70,1
DA:71,1
DA:72,1
DA:73,1
DA:74,1
DA:75,1
DA:76,1
DA:77,1
DA:78,1
DA:79,1
DA:80,1
DA:81,1
DA:82,1
DA:83,1
DA:84,1
DA:85,1
LF:85
LH:76
BRDA:19,0,0,1
BRDA:31,1,0,1
BRDA:33,2,0,2
BRDA:53,3,0,0
BRDA:65,4,0,1
BRF:5
BRH:4
end_of_record
